<?xml version="1.0" encoding="UTF-8"?>
<testsuite xmlns:xsi="http://www.w3.org/2001/XMLSchema-instance" xsi:noNamespaceSchemaLocation="https://maven.apache.org/surefire/maven-surefire-plugin/xsd/surefire-test-report-3.0.xsd" version="3.0" name="com.example.demo.ApplicationTests" time="2.751" tests="1" errors="0" skipped="0" failures="0">
  <properties>
[...]
</properties>
  <testcase name="contextLoads" classname="com.example.demo.ApplicationTests" time="0.775">
    <system-out><![CDATA[20:46:47.351 [main] INFO org.springframework.test.context.support.AnnotationConfigContextLoaderUtils -- Could not detect default configuration classes for test class [com.example.demo.ApplicationTests]: ApplicationTests does not declare any static, non-private, non-final, nested classes annotated with @Configuration.
20:46:47.455 [main] INFO org.springframework.boot.test.context.SpringBootTestContextBootstrapper -- Found @SpringBootConfiguration com.example.demo.Application for test class com.example.demo.ApplicationTests

  .   ____          _            __ _ _
 /\\ / ___'_ __ _ _(_)_ __  __ _ \ \ \ \
( ( )\___ | '_ | '_| | '_ \/ _` | \ \ \ \
 \\/  ___)| |_)| | | | | || (_| |  ) ) ) )
  '  |____| .__|_| |_|_| |_\__, | / / / /
 =========|_|==============|___/=/_/_/_/
 :: Spring Boot ::                (v3.2.5)

2024-05-02T20:46:47.941+08:00  INFO 9532 --- [           main] com.example.demo.ApplicationTests        : Starting ApplicationTests using Java 17.0.7 with PID 9532 (started by Toubun in G:\NiHon-IT-Training-Plan\Spring\_04_SpringBoot)
2024-05-02T20:46:47.942+08:00  INFO 9532 --- [           main] com.example.demo.ApplicationTests        : The following 1 profile is active: "dev"
2024-05-02T20:46:49.116+08:00  INFO 9532 --- [           main] com.example.demo.ApplicationTests        : Started ApplicationTests in 1.511 seconds (process running for 2.567)
]]></system-out>
  </testcase>
</testsuite>